{"D:\\Users\\Josh\\Documents\\futureproof\\week_2\\preVent\\server\\app.js": {"path":"D:\\Users\\Josh\\Documents\\futureproof\\week_2\\preVent\\server\\app.js","statementMap":{"0":{"start":{"line":1,"column":16},"end":{"line":1,"column":34}},"1":{"start":{"line":2,"column":20},"end":{"line":2,"column":47}},"2":{"start":{"line":3,"column":19},"end":{"line":3,"column":41}},"3":{"start":{"line":4,"column":13},"end":{"line":4,"column":28}},"4":{"start":{"line":5,"column":12},"end":{"line":5,"column":21}},"5":{"start":{"line":6,"column":13},"end":{"line":6,"column":37}},"6":{"start":{"line":8,"column":0},"end":{"line":10,"column":2}},"7":{"start":{"line":9,"column":4},"end":{"line":9,"column":21}},"8":{"start":{"line":12,"column":0},"end":{"line":14,"column":2}},"9":{"start":{"line":13,"column":4},"end":{"line":13,"column":61}},"10":{"start":{"line":16,"column":0},"end":{"line":16,"column":15}},"11":{"start":{"line":18,"column":0},"end":{"line":18,"column":27}},"12":{"start":{"line":20,"column":0},"end":{"line":20,"column":32}},"13":{"start":{"line":23,"column":0},"end":{"line":23,"column":21}}},"fnMap":{"0":{"name":"(anonymous_0)","decl":{"start":{"line":8,"column":13},"end":{"line":8,"column":14}},"loc":{"start":{"line":8,"column":27},"end":{"line":10,"column":1}},"line":8},"1":{"name":"(anonymous_1)","decl":{"start":{"line":12,"column":17},"end":{"line":12,"column":18}},"loc":{"start":{"line":12,"column":23},"end":{"line":14,"column":1}},"line":12}},"branchMap":{"0":{"loc":{"start":{"line":6,"column":13},"end":{"line":6,"column":37}},"type":"binary-expr","locations":[{"start":{"line":6,"column":13},"end":{"line":6,"column":29}},{"start":{"line":6,"column":33},"end":{"line":6,"column":37}}],"line":6}},"s":{"0":1,"1":1,"2":1,"3":1,"4":1,"5":1,"6":1,"7":1,"8":1,"9":1,"10":1,"11":1,"12":1,"13":1},"f":{"0":1,"1":1},"b":{"0":[1,1]},"_coverageSchema":"1a1c01bbd47fc00a2c39e90264f33305004495a9","hash":"1881b5e445db93d4ae1dbd4763ce5ea0fe3346f8"}
,"D:\\Users\\Josh\\Documents\\futureproof\\week_2\\preVent\\server\\data.js": {"path":"D:\\Users\\Josh\\Documents\\futureproof\\week_2\\preVent\\server\\data.js","statementMap":{"0":{"start":{"line":1,"column":0},"end":{"line":62,"column":1}},"1":{"start":{"line":64,"column":0},"end":{"line":64,"column":29}}},"fnMap":{},"branchMap":{},"s":{"0":1,"1":1},"f":{},"b":{},"_coverageSchema":"1a1c01bbd47fc00a2c39e90264f33305004495a9","hash":"984d90dbba768f70961f318ef9e62643246e0c71"}
,"D:\\Users\\Josh\\Documents\\futureproof\\week_2\\preVent\\server\\models\\entries.js": {"path":"D:\\Users\\Josh\\Documents\\futureproof\\week_2\\preVent\\server\\models\\entries.js","statementMap":{"0":{"start":{"line":1,"column":16},"end":{"line":1,"column":34}},"1":{"start":{"line":5,"column":8},"end":{"line":5,"column":25}},"2":{"start":{"line":6,"column":8},"end":{"line":6,"column":32}},"3":{"start":{"line":7,"column":8},"end":{"line":7,"column":27}},"4":{"start":{"line":8,"column":8},"end":{"line":8,"column":37}},"5":{"start":{"line":9,"column":8},"end":{"line":9,"column":31}},"6":{"start":{"line":10,"column":8},"end":{"line":10,"column":31}},"7":{"start":{"line":11,"column":8},"end":{"line":11,"column":27}},"8":{"start":{"line":12,"column":8},"end":{"line":12,"column":37}},"9":{"start":{"line":16,"column":27},"end":{"line":16,"column":67}},"10":{"start":{"line":16,"column":50},"end":{"line":16,"column":66}},"11":{"start":{"line":17,"column":8},"end":{"line":17,"column":25}},"12":{"start":{"line":21,"column":24},"end":{"line":21,"column":63}},"13":{"start":{"line":21,"column":48},"end":{"line":21,"column":62}},"14":{"start":{"line":22,"column":8},"end":{"line":24,"column":9}},"15":{"start":{"line":23,"column":12},"end":{"line":23,"column":19}},"16":{"start":{"line":25,"column":27},"end":{"line":25,"column":45}},"17":{"start":{"line":26,"column":8},"end":{"line":26,"column":26}},"18":{"start":{"line":30,"column":25},"end":{"line":30,"column":76}},"19":{"start":{"line":30,"column":51},"end":{"line":30,"column":75}},"20":{"start":{"line":31,"column":8},"end":{"line":33,"column":9}},"21":{"start":{"line":32,"column":12},"end":{"line":32,"column":19}},"22":{"start":{"line":34,"column":25},"end":{"line":34,"column":66}},"23":{"start":{"line":34,"column":49},"end":{"line":34,"column":65}},"24":{"start":{"line":35,"column":8},"end":{"line":35,"column":24}},"25":{"start":{"line":39,"column":24},"end":{"line":39,"column":58}},"26":{"start":{"line":40,"column":25},"end":{"line":40,"column":59}},"27":{"start":{"line":41,"column":8},"end":{"line":41,"column":31}},"28":{"start":{"line":43,"column":8},"end":{"line":43,"column":24}},"29":{"start":{"line":47,"column":30},"end":{"line":47,"column":74}},"30":{"start":{"line":47,"column":54},"end":{"line":47,"column":73}},"31":{"start":{"line":48,"column":24},"end":{"line":48,"column":40}},"32":{"start":{"line":49,"column":29},"end":{"line":49,"column":67}},"33":{"start":{"line":50,"column":8},"end":{"line":50,"column":72}},"34":{"start":{"line":51,"column":8},"end":{"line":51,"column":27}},"35":{"start":{"line":55,"column":28},"end":{"line":55,"column":77}},"36":{"start":{"line":55,"column":54},"end":{"line":55,"column":73}},"37":{"start":{"line":56,"column":8},"end":{"line":56,"column":56}},"38":{"start":{"line":74,"column":0},"end":{"line":74,"column":23}}},"fnMap":{"0":{"name":"(anonymous_0)","decl":{"start":{"line":4,"column":4},"end":{"line":4,"column":5}},"loc":{"start":{"line":4,"column":21},"end":{"line":13,"column":5}},"line":4},"1":{"name":"(anonymous_1)","decl":{"start":{"line":15,"column":4},"end":{"line":15,"column":5}},"loc":{"start":{"line":15,"column":20},"end":{"line":18,"column":5}},"line":15},"2":{"name":"(anonymous_2)","decl":{"start":{"line":16,"column":39},"end":{"line":16,"column":40}},"loc":{"start":{"line":16,"column":50},"end":{"line":16,"column":66}},"line":16},"3":{"name":"(anonymous_3)","decl":{"start":{"line":20,"column":4},"end":{"line":20,"column":5}},"loc":{"start":{"line":20,"column":23},"end":{"line":27,"column":5}},"line":20},"4":{"name":"(anonymous_4)","decl":{"start":{"line":21,"column":37},"end":{"line":21,"column":38}},"loc":{"start":{"line":21,"column":48},"end":{"line":21,"column":62}},"line":21},"5":{"name":"(anonymous_5)","decl":{"start":{"line":29,"column":4},"end":{"line":29,"column":5}},"loc":{"start":{"line":29,"column":33},"end":{"line":36,"column":5}},"line":29},"6":{"name":"(anonymous_6)","decl":{"start":{"line":30,"column":40},"end":{"line":30,"column":41}},"loc":{"start":{"line":30,"column":51},"end":{"line":30,"column":75}},"line":30},"7":{"name":"(anonymous_7)","decl":{"start":{"line":34,"column":38},"end":{"line":34,"column":39}},"loc":{"start":{"line":34,"column":49},"end":{"line":34,"column":65}},"line":34},"8":{"name":"(anonymous_8)","decl":{"start":{"line":38,"column":4},"end":{"line":38,"column":5}},"loc":{"start":{"line":38,"column":29},"end":{"line":44,"column":5}},"line":38},"9":{"name":"(anonymous_9)","decl":{"start":{"line":46,"column":4},"end":{"line":46,"column":5}},"loc":{"start":{"line":46,"column":21},"end":{"line":52,"column":5}},"line":46},"10":{"name":"(anonymous_10)","decl":{"start":{"line":47,"column":43},"end":{"line":47,"column":44}},"loc":{"start":{"line":47,"column":54},"end":{"line":47,"column":73}},"line":47},"11":{"name":"(anonymous_11)","decl":{"start":{"line":54,"column":4},"end":{"line":54,"column":5}},"loc":{"start":{"line":54,"column":12},"end":{"line":57,"column":5}},"line":54},"12":{"name":"(anonymous_12)","decl":{"start":{"line":55,"column":43},"end":{"line":55,"column":44}},"loc":{"start":{"line":55,"column":54},"end":{"line":55,"column":73}},"line":55}},"branchMap":{"0":{"loc":{"start":{"line":22,"column":8},"end":{"line":24,"column":9}},"type":"if","locations":[{"start":{"line":22,"column":8},"end":{"line":24,"column":9}},{"start":{},"end":{}}],"line":22},"1":{"loc":{"start":{"line":31,"column":8},"end":{"line":33,"column":9}},"type":"if","locations":[{"start":{"line":31,"column":8},"end":{"line":33,"column":9}},{"start":{},"end":{}}],"line":31}},"s":{"0":1,"1":15,"2":15,"3":15,"4":15,"5":15,"6":15,"7":15,"8":15,"9":2,"10":8,"11":2,"12":4,"13":7,"14":4,"15":1,"16":3,"17":3,"18":2,"19":9,"20":2,"21":1,"22":1,"23":2,"24":1,"25":1,"26":1,"27":1,"28":1,"29":1,"30":1,"31":1,"32":1,"33":1,"34":1,"35":1,"36":5,"37":1,"38":1},"f":{"0":15,"1":2,"2":8,"3":4,"4":7,"5":2,"6":9,"7":2,"8":1,"9":1,"10":1,"11":1,"12":5},"b":{"0":[1,3],"1":[1,1]},"_coverageSchema":"1a1c01bbd47fc00a2c39e90264f33305004495a9","hash":"37db11fb4ffccf2b1c2db377045c402f28760dd5"}
,"D:\\Users\\Josh\\Documents\\futureproof\\week_2\\preVent\\server\\routes\\entries.js": {"path":"D:\\Users\\Josh\\Documents\\futureproof\\week_2\\preVent\\server\\routes\\entries.js","statementMap":{"0":{"start":{"line":1,"column":16},"end":{"line":1,"column":34}},"1":{"start":{"line":2,"column":15},"end":{"line":2,"column":31}},"2":{"start":{"line":3,"column":14},"end":{"line":3,"column":42}},"3":{"start":{"line":5,"column":0},"end":{"line":8,"column":2}},"4":{"start":{"line":6,"column":20},"end":{"line":6,"column":29}},"5":{"start":{"line":7,"column":4},"end":{"line":7,"column":22}},"6":{"start":{"line":10,"column":0},"end":{"line":14,"column":2}},"7":{"start":{"line":11,"column":17},"end":{"line":11,"column":25}},"8":{"start":{"line":12,"column":21},"end":{"line":12,"column":44}},"9":{"start":{"line":13,"column":4},"end":{"line":13,"column":34}},"10":{"start":{"line":16,"column":0},"end":{"line":30,"column":3}},"11":{"start":{"line":17,"column":4},"end":{"line":29,"column":5}},"12":{"start":{"line":18,"column":25},"end":{"line":18,"column":44}},"13":{"start":{"line":19,"column":33},"end":{"line":19,"column":63}},"14":{"start":{"line":20,"column":8},"end":{"line":25,"column":9}},"15":{"start":{"line":21,"column":12},"end":{"line":21,"column":68}},"16":{"start":{"line":24,"column":12},"end":{"line":24,"column":38}},"17":{"start":{"line":27,"column":8},"end":{"line":27,"column":25}},"18":{"start":{"line":28,"column":8},"end":{"line":28,"column":52}},"19":{"start":{"line":32,"column":0},"end":{"line":47,"column":1}},"20":{"start":{"line":33,"column":4},"end":{"line":45,"column":9}},"21":{"start":{"line":34,"column":19},"end":{"line":34,"column":32}},"22":{"start":{"line":35,"column":30},"end":{"line":35,"column":48}},"23":{"start":{"line":36,"column":8},"end":{"line":41,"column":9}},"24":{"start":{"line":37,"column":12},"end":{"line":37,"column":63}},"25":{"start":{"line":40,"column":12},"end":{"line":40,"column":35}},"26":{"start":{"line":43,"column":12},"end":{"line":43,"column":29}},"27":{"start":{"line":44,"column":12},"end":{"line":44,"column":56}},"28":{"start":{"line":49,"column":0},"end":{"line":55,"column":2}},"29":{"start":{"line":50,"column":15},"end":{"line":50,"column":38}},"30":{"start":{"line":51,"column":21},"end":{"line":51,"column":29}},"31":{"start":{"line":52,"column":26},"end":{"line":52,"column":44}},"32":{"start":{"line":53,"column":25},"end":{"line":53,"column":55}},"33":{"start":{"line":54,"column":4},"end":{"line":54,"column":39}},"34":{"start":{"line":57,"column":0},"end":{"line":62,"column":2}},"35":{"start":{"line":58,"column":15},"end":{"line":58,"column":38}},"36":{"start":{"line":59,"column":24},"end":{"line":59,"column":42}},"37":{"start":{"line":60,"column":4},"end":{"line":60,"column":24}},"38":{"start":{"line":61,"column":4},"end":{"line":61,"column":27}},"39":{"start":{"line":64,"column":0},"end":{"line":64,"column":24}}},"fnMap":{"0":{"name":"(anonymous_0)","decl":{"start":{"line":5,"column":16},"end":{"line":5,"column":17}},"loc":{"start":{"line":5,"column":30},"end":{"line":8,"column":1}},"line":5},"1":{"name":"(anonymous_1)","decl":{"start":{"line":10,"column":17},"end":{"line":10,"column":18}},"loc":{"start":{"line":10,"column":31},"end":{"line":14,"column":1}},"line":10},"2":{"name":"(anonymous_2)","decl":{"start":{"line":16,"column":34},"end":{"line":16,"column":35}},"loc":{"start":{"line":16,"column":48},"end":{"line":30,"column":1}},"line":16},"3":{"name":"(anonymous_3)","decl":{"start":{"line":32,"column":19},"end":{"line":32,"column":20}},"loc":{"start":{"line":32,"column":33},"end":{"line":46,"column":5}},"line":32},"4":{"name":"(anonymous_4)","decl":{"start":{"line":49,"column":19},"end":{"line":49,"column":20}},"loc":{"start":{"line":49,"column":33},"end":{"line":55,"column":1}},"line":49},"5":{"name":"(anonymous_5)","decl":{"start":{"line":57,"column":22},"end":{"line":57,"column":23}},"loc":{"start":{"line":57,"column":36},"end":{"line":62,"column":1}},"line":57}},"branchMap":{"0":{"loc":{"start":{"line":20,"column":8},"end":{"line":25,"column":9}},"type":"if","locations":[{"start":{"line":20,"column":8},"end":{"line":25,"column":9}},{"start":{"line":23,"column":12},"end":{"line":25,"column":9}}],"line":20},"1":{"loc":{"start":{"line":36,"column":8},"end":{"line":41,"column":9}},"type":"if","locations":[{"start":{"line":36,"column":8},"end":{"line":41,"column":9}},{"start":{"line":39,"column":12},"end":{"line":41,"column":9}}],"line":36}},"s":{"0":1,"1":1,"2":1,"3":1,"4":2,"5":2,"6":1,"7":1,"8":1,"9":1,"10":1,"11":2,"12":2,"13":2,"14":2,"15":1,"16":1,"17":1,"18":1,"19":1,"20":2,"21":2,"22":2,"23":2,"24":1,"25":1,"26":1,"27":1,"28":1,"29":1,"30":1,"31":1,"32":1,"33":1,"34":1,"35":1,"36":1,"37":1,"38":1,"39":1},"f":{"0":2,"1":1,"2":2,"3":2,"4":1,"5":1},"b":{"0":[1,1],"1":[1,1]},"_coverageSchema":"1a1c01bbd47fc00a2c39e90264f33305004495a9","hash":"c3f897fa88b096064e06162a15db4f6df7709d58"}
}
